CRITICAL - 2023-02-12 05:59:15 --> File "" does not exist.
in VENDORPATH\phpoffice\phpspreadsheet\src\PhpSpreadsheet\Shared\File.php on line 149.
 1 VENDORPATH\phpoffice\phpspreadsheet\src\PhpSpreadsheet\Reader\Xlsx.php(412): PhpOffice\PhpSpreadsheet\Shared\File::assertFile('ROOTPATH\\public', '_rels/.rels')
 2 VENDORPATH\phpoffice\phpspreadsheet\src\PhpSpreadsheet\Reader\BaseReader.php(172): PhpOffice\PhpSpreadsheet\Reader\Xlsx->loadSpreadsheetFromFile('ROOTPATH\\public')
 3 APPPATH\Controllers\Home.php(157): PhpOffice\PhpSpreadsheet\Reader\BaseReader->load('ROOTPATH\\public')
 4 SYSTEMPATH\CodeIgniter.php(934): App\Controllers\Home->importCsvToDb()
 5 SYSTEMPATH\CodeIgniter.php(499): CodeIgniter\CodeIgniter->runController(Object(App\Controllers\Home))
 6 SYSTEMPATH\CodeIgniter.php(368): CodeIgniter\CodeIgniter->handleRequest(null, Object(Config\Cache), false)
 7 FCPATH\index.php(67): CodeIgniter\CodeIgniter->run()
CRITICAL - 2023-02-12 07:21:40 --> Undefined variable $session
in APPPATH\Views\register.php on line 111.
 1 APPPATH\Views\register.php(111): CodeIgniter\Debug\Exceptions->errorHandler(2, 'Undefined variable $session', 'APPPATH\\Views\\register.php', 111)
 2 SYSTEMPATH\View\View.php(213): include('APPPATH\\Views\\register.php')
 3 SYSTEMPATH\View\View.php(216): CodeIgniter\View\View->CodeIgniter\View\{closure}()
 4 SYSTEMPATH\Common.php(1177): CodeIgniter\View\View->render('register', [], true)
 5 APPPATH\Controllers\Home.php(90): view('register')
 6 SYSTEMPATH\CodeIgniter.php(934): App\Controllers\Home->register()
 7 SYSTEMPATH\CodeIgniter.php(499): CodeIgniter\CodeIgniter->runController(Object(App\Controllers\Home))
 8 SYSTEMPATH\CodeIgniter.php(368): CodeIgniter\CodeIgniter->handleRequest(null, Object(Config\Cache), false)
 9 FCPATH\index.php(67): CodeIgniter\CodeIgniter->run()
CRITICAL - 2023-02-12 07:24:33 --> Undefined variable $session
in APPPATH\Views\register.php on line 111.
 1 APPPATH\Views\register.php(111): CodeIgniter\Debug\Exceptions->errorHandler(2, 'Undefined variable $session', 'APPPATH\\Views\\register.php', 111)
 2 SYSTEMPATH\View\View.php(213): include('APPPATH\\Views\\register.php')
 3 SYSTEMPATH\View\View.php(216): CodeIgniter\View\View->CodeIgniter\View\{closure}()
 4 SYSTEMPATH\Common.php(1177): CodeIgniter\View\View->render('register', [], true)
 5 APPPATH\Controllers\Home.php(91): view('register')
 6 SYSTEMPATH\CodeIgniter.php(934): App\Controllers\Home->register()
 7 SYSTEMPATH\CodeIgniter.php(499): CodeIgniter\CodeIgniter->runController(Object(App\Controllers\Home))
 8 SYSTEMPATH\CodeIgniter.php(368): CodeIgniter\CodeIgniter->handleRequest(null, Object(Config\Cache), false)
 9 FCPATH\index.php(67): CodeIgniter\CodeIgniter->run()
CRITICAL - 2023-02-12 07:50:41 --> Undefined property: App\Controllers\Home::$reuest
in APPPATH\Controllers\Home.php on line 97.
 1 APPPATH\Controllers\Home.php(97): CodeIgniter\Debug\Exceptions->errorHandler(2, 'Undefined property: App\\Controllers\\Home::$reuest', 'APPPATH\\Controllers\\Home.php', 97)
 2 SYSTEMPATH\CodeIgniter.php(934): App\Controllers\Home->register_validate()
 3 SYSTEMPATH\CodeIgniter.php(499): CodeIgniter\CodeIgniter->runController(Object(App\Controllers\Home))
 4 SYSTEMPATH\CodeIgniter.php(368): CodeIgniter\CodeIgniter->handleRequest(null, Object(Config\Cache), false)
 5 FCPATH\index.php(67): CodeIgniter\CodeIgniter->run()
CRITICAL - 2023-02-12 07:53:02 --> Undefined property: App\Controllers\Home::$reuest
in APPPATH\Controllers\Home.php on line 97.
 1 APPPATH\Controllers\Home.php(97): CodeIgniter\Debug\Exceptions->errorHandler(2, 'Undefined property: App\\Controllers\\Home::$reuest', 'APPPATH\\Controllers\\Home.php', 97)
 2 SYSTEMPATH\CodeIgniter.php(934): App\Controllers\Home->register_validate()
 3 SYSTEMPATH\CodeIgniter.php(499): CodeIgniter\CodeIgniter->runController(Object(App\Controllers\Home))
 4 SYSTEMPATH\CodeIgniter.php(368): CodeIgniter\CodeIgniter->handleRequest(null, Object(Config\Cache), false)
 5 FCPATH\index.php(67): CodeIgniter\CodeIgniter->run()
CRITICAL - 2023-02-12 07:53:19 --> Undefined property: App\Controllers\Home::$reuest
in APPPATH\Controllers\Home.php on line 97.
 1 APPPATH\Controllers\Home.php(97): CodeIgniter\Debug\Exceptions->errorHandler(2, 'Undefined property: App\\Controllers\\Home::$reuest', 'APPPATH\\Controllers\\Home.php', 97)
 2 SYSTEMPATH\CodeIgniter.php(934): App\Controllers\Home->register_validate()
 3 SYSTEMPATH\CodeIgniter.php(499): CodeIgniter\CodeIgniter->runController(Object(App\Controllers\Home))
 4 SYSTEMPATH\CodeIgniter.php(368): CodeIgniter\CodeIgniter->handleRequest(null, Object(Config\Cache), false)
 5 FCPATH\index.php(67): CodeIgniter\CodeIgniter->run()
CRITICAL - 2023-02-12 07:53:51 --> Undefined property: App\Controllers\Home::$reuest
in APPPATH\Controllers\Home.php on line 97.
 1 APPPATH\Controllers\Home.php(97): CodeIgniter\Debug\Exceptions->errorHandler(2, 'Undefined property: App\\Controllers\\Home::$reuest', 'APPPATH\\Controllers\\Home.php', 97)
 2 SYSTEMPATH\CodeIgniter.php(934): App\Controllers\Home->register_validate()
 3 SYSTEMPATH\CodeIgniter.php(499): CodeIgniter\CodeIgniter->runController(Object(App\Controllers\Home))
 4 SYSTEMPATH\CodeIgniter.php(368): CodeIgniter\CodeIgniter->handleRequest(null, Object(Config\Cache), false)
 5 FCPATH\index.php(67): CodeIgniter\CodeIgniter->run()
CRITICAL - 2023-02-12 07:54:55 --> Undefined property: App\Controllers\Home::$reuest
in APPPATH\Controllers\Home.php on line 97.
 1 APPPATH\Controllers\Home.php(97): CodeIgniter\Debug\Exceptions->errorHandler(2, 'Undefined property: App\\Controllers\\Home::$reuest', 'APPPATH\\Controllers\\Home.php', 97)
 2 SYSTEMPATH\CodeIgniter.php(934): App\Controllers\Home->register_validate()
 3 SYSTEMPATH\CodeIgniter.php(499): CodeIgniter\CodeIgniter->runController(Object(App\Controllers\Home))
 4 SYSTEMPATH\CodeIgniter.php(368): CodeIgniter\CodeIgniter->handleRequest(null, Object(Config\Cache), false)
 5 FCPATH\index.php(67): CodeIgniter\CodeIgniter->run()
CRITICAL - 2023-02-12 07:57:17 --> Undefined property: App\Controllers\Home::$reuest
in APPPATH\Controllers\Home.php on line 97.
 1 APPPATH\Controllers\Home.php(97): CodeIgniter\Debug\Exceptions->errorHandler(2, 'Undefined property: App\\Controllers\\Home::$reuest', 'APPPATH\\Controllers\\Home.php', 97)
 2 SYSTEMPATH\CodeIgniter.php(934): App\Controllers\Home->register_validate()
 3 SYSTEMPATH\CodeIgniter.php(499): CodeIgniter\CodeIgniter->runController(Object(App\Controllers\Home))
 4 SYSTEMPATH\CodeIgniter.php(368): CodeIgniter\CodeIgniter->handleRequest(null, Object(Config\Cache), false)
 5 FCPATH\index.php(67): CodeIgniter\CodeIgniter->run()
CRITICAL - 2023-02-12 07:59:30 --> Undefined property: App\Controllers\Home::$reuest
in APPPATH\Controllers\Home.php on line 97.
 1 APPPATH\Controllers\Home.php(97): CodeIgniter\Debug\Exceptions->errorHandler(2, 'Undefined property: App\\Controllers\\Home::$reuest', 'APPPATH\\Controllers\\Home.php', 97)
 2 SYSTEMPATH\CodeIgniter.php(934): App\Controllers\Home->register_validate()
 3 SYSTEMPATH\CodeIgniter.php(499): CodeIgniter\CodeIgniter->runController(Object(App\Controllers\Home))
 4 SYSTEMPATH\CodeIgniter.php(368): CodeIgniter\CodeIgniter->handleRequest(null, Object(Config\Cache), false)
 5 FCPATH\index.php(67): CodeIgniter\CodeIgniter->run()
CRITICAL - 2023-02-12 07:59:58 --> Undefined property: App\Controllers\Home::$reuest
in APPPATH\Controllers\Home.php on line 97.
 1 APPPATH\Controllers\Home.php(97): CodeIgniter\Debug\Exceptions->errorHandler(2, 'Undefined property: App\\Controllers\\Home::$reuest', 'APPPATH\\Controllers\\Home.php', 97)
 2 SYSTEMPATH\CodeIgniter.php(934): App\Controllers\Home->register_validate()
 3 SYSTEMPATH\CodeIgniter.php(499): CodeIgniter\CodeIgniter->runController(Object(App\Controllers\Home))
 4 SYSTEMPATH\CodeIgniter.php(368): CodeIgniter\CodeIgniter->handleRequest(null, Object(Config\Cache), false)
 5 FCPATH\index.php(67): CodeIgniter\CodeIgniter->run()
CRITICAL - 2023-02-12 08:00:05 --> Undefined property: App\Controllers\Home::$reuest
in APPPATH\Controllers\Home.php on line 97.
 1 APPPATH\Controllers\Home.php(97): CodeIgniter\Debug\Exceptions->errorHandler(2, 'Undefined property: App\\Controllers\\Home::$reuest', 'APPPATH\\Controllers\\Home.php', 97)
 2 SYSTEMPATH\CodeIgniter.php(934): App\Controllers\Home->register_validate()
 3 SYSTEMPATH\CodeIgniter.php(499): CodeIgniter\CodeIgniter->runController(Object(App\Controllers\Home))
 4 SYSTEMPATH\CodeIgniter.php(368): CodeIgniter\CodeIgniter->handleRequest(null, Object(Config\Cache), false)
 5 FCPATH\index.php(67): CodeIgniter\CodeIgniter->run()
CRITICAL - 2023-02-12 08:06:28 --> Undefined property: App\Controllers\Home::$reuest
in APPPATH\Controllers\Home.php on line 97.
 1 APPPATH\Controllers\Home.php(97): CodeIgniter\Debug\Exceptions->errorHandler(2, 'Undefined property: App\\Controllers\\Home::$reuest', 'APPPATH\\Controllers\\Home.php', 97)
 2 SYSTEMPATH\CodeIgniter.php(934): App\Controllers\Home->register_validate()
 3 SYSTEMPATH\CodeIgniter.php(499): CodeIgniter\CodeIgniter->runController(Object(App\Controllers\Home))
 4 SYSTEMPATH\CodeIgniter.php(368): CodeIgniter\CodeIgniter->handleRequest(null, Object(Config\Cache), false)
 5 FCPATH\index.php(67): CodeIgniter\CodeIgniter->run()
CRITICAL - 2023-02-12 08:07:15 --> Undefined property: App\Controllers\Home::$reuest
in APPPATH\Controllers\Home.php on line 97.
 1 APPPATH\Controllers\Home.php(97): CodeIgniter\Debug\Exceptions->errorHandler(2, 'Undefined property: App\\Controllers\\Home::$reuest', 'APPPATH\\Controllers\\Home.php', 97)
 2 SYSTEMPATH\CodeIgniter.php(934): App\Controllers\Home->register_validate()
 3 SYSTEMPATH\CodeIgniter.php(499): CodeIgniter\CodeIgniter->runController(Object(App\Controllers\Home))
 4 SYSTEMPATH\CodeIgniter.php(368): CodeIgniter\CodeIgniter->handleRequest(null, Object(Config\Cache), false)
 5 FCPATH\index.php(67): CodeIgniter\CodeIgniter->run()
CRITICAL - 2023-02-12 08:07:42 --> Undefined property: App\Controllers\Home::$reuest
in APPPATH\Controllers\Home.php on line 97.
 1 APPPATH\Controllers\Home.php(97): CodeIgniter\Debug\Exceptions->errorHandler(2, 'Undefined property: App\\Controllers\\Home::$reuest', 'APPPATH\\Controllers\\Home.php', 97)
 2 SYSTEMPATH\CodeIgniter.php(934): App\Controllers\Home->register_validate()
 3 SYSTEMPATH\CodeIgniter.php(499): CodeIgniter\CodeIgniter->runController(Object(App\Controllers\Home))
 4 SYSTEMPATH\CodeIgniter.php(368): CodeIgniter\CodeIgniter->handleRequest(null, Object(Config\Cache), false)
 5 FCPATH\index.php(67): CodeIgniter\CodeIgniter->run()
CRITICAL - 2023-02-12 08:08:12 --> Undefined property: App\Controllers\Home::$reuest
in APPPATH\Controllers\Home.php on line 97.
 1 APPPATH\Controllers\Home.php(97): CodeIgniter\Debug\Exceptions->errorHandler(2, 'Undefined property: App\\Controllers\\Home::$reuest', 'APPPATH\\Controllers\\Home.php', 97)
 2 SYSTEMPATH\CodeIgniter.php(934): App\Controllers\Home->register_validate()
 3 SYSTEMPATH\CodeIgniter.php(499): CodeIgniter\CodeIgniter->runController(Object(App\Controllers\Home))
 4 SYSTEMPATH\CodeIgniter.php(368): CodeIgniter\CodeIgniter->handleRequest(null, Object(Config\Cache), false)
 5 FCPATH\index.php(67): CodeIgniter\CodeIgniter->run()
CRITICAL - 2023-02-12 08:08:49 --> Undefined property: App\Controllers\Home::$reuest
in APPPATH\Controllers\Home.php on line 97.
 1 APPPATH\Controllers\Home.php(97): CodeIgniter\Debug\Exceptions->errorHandler(2, 'Undefined property: App\\Controllers\\Home::$reuest', 'APPPATH\\Controllers\\Home.php', 97)
 2 SYSTEMPATH\CodeIgniter.php(934): App\Controllers\Home->register_validate()
 3 SYSTEMPATH\CodeIgniter.php(499): CodeIgniter\CodeIgniter->runController(Object(App\Controllers\Home))
 4 SYSTEMPATH\CodeIgniter.php(368): CodeIgniter\CodeIgniter->handleRequest(null, Object(Config\Cache), false)
 5 FCPATH\index.php(67): CodeIgniter\CodeIgniter->run()
CRITICAL - 2023-02-12 08:10:07 --> Undefined property: App\Controllers\Home::$reuest
in APPPATH\Controllers\Home.php on line 97.
 1 APPPATH\Controllers\Home.php(97): CodeIgniter\Debug\Exceptions->errorHandler(2, 'Undefined property: App\\Controllers\\Home::$reuest', 'APPPATH\\Controllers\\Home.php', 97)
 2 SYSTEMPATH\CodeIgniter.php(934): App\Controllers\Home->register_validate()
 3 SYSTEMPATH\CodeIgniter.php(499): CodeIgniter\CodeIgniter->runController(Object(App\Controllers\Home))
 4 SYSTEMPATH\CodeIgniter.php(368): CodeIgniter\CodeIgniter->handleRequest(null, Object(Config\Cache), false)
 5 FCPATH\index.php(67): CodeIgniter\CodeIgniter->run()
CRITICAL - 2023-02-12 08:10:21 --> Undefined property: App\Controllers\Home::$reuest
in APPPATH\Controllers\Home.php on line 97.
 1 APPPATH\Controllers\Home.php(97): CodeIgniter\Debug\Exceptions->errorHandler(2, 'Undefined property: App\\Controllers\\Home::$reuest', 'APPPATH\\Controllers\\Home.php', 97)
 2 SYSTEMPATH\CodeIgniter.php(934): App\Controllers\Home->register_validate()
 3 SYSTEMPATH\CodeIgniter.php(499): CodeIgniter\CodeIgniter->runController(Object(App\Controllers\Home))
 4 SYSTEMPATH\CodeIgniter.php(368): CodeIgniter\CodeIgniter->handleRequest(null, Object(Config\Cache), false)
 5 FCPATH\index.php(67): CodeIgniter\CodeIgniter->run()
CRITICAL - 2023-02-12 08:10:42 --> Undefined property: App\Controllers\Home::$reuest
in APPPATH\Controllers\Home.php on line 97.
 1 APPPATH\Controllers\Home.php(97): CodeIgniter\Debug\Exceptions->errorHandler(2, 'Undefined property: App\\Controllers\\Home::$reuest', 'APPPATH\\Controllers\\Home.php', 97)
 2 SYSTEMPATH\CodeIgniter.php(934): App\Controllers\Home->register_validate()
 3 SYSTEMPATH\CodeIgniter.php(499): CodeIgniter\CodeIgniter->runController(Object(App\Controllers\Home))
 4 SYSTEMPATH\CodeIgniter.php(368): CodeIgniter\CodeIgniter->handleRequest(null, Object(Config\Cache), false)
 5 FCPATH\index.php(67): CodeIgniter\CodeIgniter->run()
CRITICAL - 2023-02-12 08:11:16 --> Undefined variable $builder
in APPPATH\Controllers\Home.php on line 121.
 1 APPPATH\Controllers\Home.php(121): CodeIgniter\Debug\Exceptions->errorHandler(2, 'Undefined variable $builder', 'APPPATH\\Controllers\\Home.php', 121)
 2 SYSTEMPATH\CodeIgniter.php(934): App\Controllers\Home->register_validate()
 3 SYSTEMPATH\CodeIgniter.php(499): CodeIgniter\CodeIgniter->runController(Object(App\Controllers\Home))
 4 SYSTEMPATH\CodeIgniter.php(368): CodeIgniter\CodeIgniter->handleRequest(null, Object(Config\Cache), false)
 5 FCPATH\index.php(67): CodeIgniter\CodeIgniter->run()
ERROR - 2023-02-12 08:12:53 --> mysqli_sql_exception: You have an error in your SQL syntax; check the manual that corresponds to your MySQL server version for the right syntax to use near '0) VALUES (:0:)' at line 1 in C:\wamp64\www\matt\system\Database\MySQLi\Connection.php:295
Stack trace:
#0 C:\wamp64\www\matt\system\Database\MySQLi\Connection.php(295): mysqli->query('INSERT INTO `em...', 0)
#1 C:\wamp64\www\matt\system\Database\BaseConnection.php(691): CodeIgniter\Database\MySQLi\Connection->execute('INSERT INTO `em...')
#2 C:\wamp64\www\matt\system\Database\BaseConnection.php(605): CodeIgniter\Database\BaseConnection->simpleQuery('INSERT INTO `em...')
#3 C:\wamp64\www\matt\system\Database\BaseBuilder.php(2295): CodeIgniter\Database\BaseConnection->query('INSERT INTO `em...', Array, false)
#4 C:\wamp64\www\matt\app\Controllers\Home.php(123): CodeIgniter\Database\BaseBuilder->insert(Array)
#5 C:\wamp64\www\matt\system\CodeIgniter.php(934): App\Controllers\Home->register_validate()
#6 C:\wamp64\www\matt\system\CodeIgniter.php(499): CodeIgniter\CodeIgniter->runController(Object(App\Controllers\Home))
#7 C:\wamp64\www\matt\system\CodeIgniter.php(368): CodeIgniter\CodeIgniter->handleRequest(NULL, Object(Config\Cache), false)
#8 C:\wamp64\www\matt\public\index.php(67): CodeIgniter\CodeIgniter->run()
#9 {main}
CRITICAL - 2023-02-12 08:12:53 --> You have an error in your SQL syntax; check the manual that corresponds to your MySQL server version for the right syntax to use near '0) VALUES (:0:)' at line 1
in SYSTEMPATH\Database\BaseConnection.php on line 645.
 1 SYSTEMPATH\Database\BaseBuilder.php(2295): CodeIgniter\Database\BaseConnection->query('INSERT INTO `employees` (0) VALUES (:0:)', [...], false)
 2 APPPATH\Controllers\Home.php(123): CodeIgniter\Database\BaseBuilder->insert([...])
 3 SYSTEMPATH\CodeIgniter.php(934): App\Controllers\Home->register_validate()
 4 SYSTEMPATH\CodeIgniter.php(499): CodeIgniter\CodeIgniter->runController(Object(App\Controllers\Home))
 5 SYSTEMPATH\CodeIgniter.php(368): CodeIgniter\CodeIgniter->handleRequest(null, Object(Config\Cache), false)
 6 FCPATH\index.php(67): CodeIgniter\CodeIgniter->run()
ERROR - 2023-02-12 08:27:48 --> mysqli_sql_exception: You have an error in your SQL syntax; check the manual that corresponds to your MySQL server version for the right syntax to use near '0) VALUES (:0:)' at line 1 in C:\wamp64\www\matt\system\Database\MySQLi\Connection.php:295
Stack trace:
#0 C:\wamp64\www\matt\system\Database\MySQLi\Connection.php(295): mysqli->query('INSERT INTO `em...', 0)
#1 C:\wamp64\www\matt\system\Database\BaseConnection.php(691): CodeIgniter\Database\MySQLi\Connection->execute('INSERT INTO `em...')
#2 C:\wamp64\www\matt\system\Database\BaseConnection.php(605): CodeIgniter\Database\BaseConnection->simpleQuery('INSERT INTO `em...')
#3 C:\wamp64\www\matt\system\Database\BaseBuilder.php(2295): CodeIgniter\Database\BaseConnection->query('INSERT INTO `em...', Array, false)
#4 C:\wamp64\www\matt\app\Controllers\Home.php(123): CodeIgniter\Database\BaseBuilder->insert(Array)
#5 C:\wamp64\www\matt\system\CodeIgniter.php(934): App\Controllers\Home->register_validate()
#6 C:\wamp64\www\matt\system\CodeIgniter.php(499): CodeIgniter\CodeIgniter->runController(Object(App\Controllers\Home))
#7 C:\wamp64\www\matt\system\CodeIgniter.php(368): CodeIgniter\CodeIgniter->handleRequest(NULL, Object(Config\Cache), false)
#8 C:\wamp64\www\matt\public\index.php(67): CodeIgniter\CodeIgniter->run()
#9 {main}
CRITICAL - 2023-02-12 08:27:48 --> You have an error in your SQL syntax; check the manual that corresponds to your MySQL server version for the right syntax to use near '0) VALUES (:0:)' at line 1
in SYSTEMPATH\Database\BaseConnection.php on line 645.
 1 SYSTEMPATH\Database\BaseBuilder.php(2295): CodeIgniter\Database\BaseConnection->query('INSERT INTO `employees` (0) VALUES (:0:)', [...], false)
 2 APPPATH\Controllers\Home.php(123): CodeIgniter\Database\BaseBuilder->insert([...])
 3 SYSTEMPATH\CodeIgniter.php(934): App\Controllers\Home->register_validate()
 4 SYSTEMPATH\CodeIgniter.php(499): CodeIgniter\CodeIgniter->runController(Object(App\Controllers\Home))
 5 SYSTEMPATH\CodeIgniter.php(368): CodeIgniter\CodeIgniter->handleRequest(null, Object(Config\Cache), false)
 6 FCPATH\index.php(67): CodeIgniter\CodeIgniter->run()
ERROR - 2023-02-12 08:28:59 --> mysqli_sql_exception: You have an error in your SQL syntax; check the manual that corresponds to your MySQL server version for the right syntax to use near '0) VALUES (:0:)' at line 1 in C:\wamp64\www\matt\system\Database\MySQLi\Connection.php:295
Stack trace:
#0 C:\wamp64\www\matt\system\Database\MySQLi\Connection.php(295): mysqli->query('INSERT INTO `em...', 0)
#1 C:\wamp64\www\matt\system\Database\BaseConnection.php(691): CodeIgniter\Database\MySQLi\Connection->execute('INSERT INTO `em...')
#2 C:\wamp64\www\matt\system\Database\BaseConnection.php(605): CodeIgniter\Database\BaseConnection->simpleQuery('INSERT INTO `em...')
#3 C:\wamp64\www\matt\system\Database\BaseBuilder.php(2295): CodeIgniter\Database\BaseConnection->query('INSERT INTO `em...', Array, false)
#4 C:\wamp64\www\matt\app\Controllers\Home.php(123): CodeIgniter\Database\BaseBuilder->insert(Array)
#5 C:\wamp64\www\matt\system\CodeIgniter.php(934): App\Controllers\Home->register_validate()
#6 C:\wamp64\www\matt\system\CodeIgniter.php(499): CodeIgniter\CodeIgniter->runController(Object(App\Controllers\Home))
#7 C:\wamp64\www\matt\system\CodeIgniter.php(368): CodeIgniter\CodeIgniter->handleRequest(NULL, Object(Config\Cache), false)
#8 C:\wamp64\www\matt\public\index.php(67): CodeIgniter\CodeIgniter->run()
#9 {main}
CRITICAL - 2023-02-12 08:28:59 --> You have an error in your SQL syntax; check the manual that corresponds to your MySQL server version for the right syntax to use near '0) VALUES (:0:)' at line 1
in SYSTEMPATH\Database\BaseConnection.php on line 645.
 1 SYSTEMPATH\Database\BaseBuilder.php(2295): CodeIgniter\Database\BaseConnection->query('INSERT INTO `employees` (0) VALUES (:0:)', [...], false)
 2 APPPATH\Controllers\Home.php(123): CodeIgniter\Database\BaseBuilder->insert([...])
 3 SYSTEMPATH\CodeIgniter.php(934): App\Controllers\Home->register_validate()
 4 SYSTEMPATH\CodeIgniter.php(499): CodeIgniter\CodeIgniter->runController(Object(App\Controllers\Home))
 5 SYSTEMPATH\CodeIgniter.php(368): CodeIgniter\CodeIgniter->handleRequest(null, Object(Config\Cache), false)
 6 FCPATH\index.php(67): CodeIgniter\CodeIgniter->run()
ERROR - 2023-02-12 08:29:10 --> mysqli_sql_exception: You have an error in your SQL syntax; check the manual that corresponds to your MySQL server version for the right syntax to use near '0) VALUES (:0:)' at line 1 in C:\wamp64\www\matt\system\Database\MySQLi\Connection.php:295
Stack trace:
#0 C:\wamp64\www\matt\system\Database\MySQLi\Connection.php(295): mysqli->query('INSERT INTO `em...', 0)
#1 C:\wamp64\www\matt\system\Database\BaseConnection.php(691): CodeIgniter\Database\MySQLi\Connection->execute('INSERT INTO `em...')
#2 C:\wamp64\www\matt\system\Database\BaseConnection.php(605): CodeIgniter\Database\BaseConnection->simpleQuery('INSERT INTO `em...')
#3 C:\wamp64\www\matt\system\Database\BaseBuilder.php(2295): CodeIgniter\Database\BaseConnection->query('INSERT INTO `em...', Array, false)
#4 C:\wamp64\www\matt\app\Controllers\Home.php(123): CodeIgniter\Database\BaseBuilder->insert(Array)
#5 C:\wamp64\www\matt\system\CodeIgniter.php(934): App\Controllers\Home->register_validate()
#6 C:\wamp64\www\matt\system\CodeIgniter.php(499): CodeIgniter\CodeIgniter->runController(Object(App\Controllers\Home))
#7 C:\wamp64\www\matt\system\CodeIgniter.php(368): CodeIgniter\CodeIgniter->handleRequest(NULL, Object(Config\Cache), false)
#8 C:\wamp64\www\matt\public\index.php(67): CodeIgniter\CodeIgniter->run()
#9 {main}
CRITICAL - 2023-02-12 08:29:10 --> You have an error in your SQL syntax; check the manual that corresponds to your MySQL server version for the right syntax to use near '0) VALUES (:0:)' at line 1
in SYSTEMPATH\Database\BaseConnection.php on line 645.
 1 SYSTEMPATH\Database\BaseBuilder.php(2295): CodeIgniter\Database\BaseConnection->query('INSERT INTO `employees` (0) VALUES (:0:)', [...], false)
 2 APPPATH\Controllers\Home.php(123): CodeIgniter\Database\BaseBuilder->insert([...])
 3 SYSTEMPATH\CodeIgniter.php(934): App\Controllers\Home->register_validate()
 4 SYSTEMPATH\CodeIgniter.php(499): CodeIgniter\CodeIgniter->runController(Object(App\Controllers\Home))
 5 SYSTEMPATH\CodeIgniter.php(368): CodeIgniter\CodeIgniter->handleRequest(null, Object(Config\Cache), false)
 6 FCPATH\index.php(67): CodeIgniter\CodeIgniter->run()
ERROR - 2023-02-12 08:33:54 --> mysqli_sql_exception: You have an error in your SQL syntax; check the manual that corresponds to your MySQL server version for the right syntax to use near '0) VALUES (:0:)' at line 1 in C:\wamp64\www\matt\system\Database\MySQLi\Connection.php:295
Stack trace:
#0 C:\wamp64\www\matt\system\Database\MySQLi\Connection.php(295): mysqli->query('INSERT INTO `em...', 0)
#1 C:\wamp64\www\matt\system\Database\BaseConnection.php(691): CodeIgniter\Database\MySQLi\Connection->execute('INSERT INTO `em...')
#2 C:\wamp64\www\matt\system\Database\BaseConnection.php(605): CodeIgniter\Database\BaseConnection->simpleQuery('INSERT INTO `em...')
#3 C:\wamp64\www\matt\system\Database\BaseBuilder.php(2295): CodeIgniter\Database\BaseConnection->query('INSERT INTO `em...', Array, false)
#4 C:\wamp64\www\matt\app\Controllers\Home.php(123): CodeIgniter\Database\BaseBuilder->insert(Array)
#5 C:\wamp64\www\matt\system\CodeIgniter.php(934): App\Controllers\Home->register_validate()
#6 C:\wamp64\www\matt\system\CodeIgniter.php(499): CodeIgniter\CodeIgniter->runController(Object(App\Controllers\Home))
#7 C:\wamp64\www\matt\system\CodeIgniter.php(368): CodeIgniter\CodeIgniter->handleRequest(NULL, Object(Config\Cache), false)
#8 C:\wamp64\www\matt\public\index.php(67): CodeIgniter\CodeIgniter->run()
#9 {main}
CRITICAL - 2023-02-12 08:33:54 --> You have an error in your SQL syntax; check the manual that corresponds to your MySQL server version for the right syntax to use near '0) VALUES (:0:)' at line 1
in SYSTEMPATH\Database\BaseConnection.php on line 645.
 1 SYSTEMPATH\Database\BaseBuilder.php(2295): CodeIgniter\Database\BaseConnection->query('INSERT INTO `employees` (0) VALUES (:0:)', [...], false)
 2 APPPATH\Controllers\Home.php(123): CodeIgniter\Database\BaseBuilder->insert([...])
 3 SYSTEMPATH\CodeIgniter.php(934): App\Controllers\Home->register_validate()
 4 SYSTEMPATH\CodeIgniter.php(499): CodeIgniter\CodeIgniter->runController(Object(App\Controllers\Home))
 5 SYSTEMPATH\CodeIgniter.php(368): CodeIgniter\CodeIgniter->handleRequest(null, Object(Config\Cache), false)
 6 FCPATH\index.php(67): CodeIgniter\CodeIgniter->run()
ERROR - 2023-02-12 08:36:09 --> mysqli_sql_exception: You have an error in your SQL syntax; check the manual that corresponds to your MySQL server version for the right syntax to use near '0) VALUES (:0:)' at line 1 in C:\wamp64\www\matt\system\Database\MySQLi\Connection.php:295
Stack trace:
#0 C:\wamp64\www\matt\system\Database\MySQLi\Connection.php(295): mysqli->query('INSERT INTO `em...', 0)
#1 C:\wamp64\www\matt\system\Database\BaseConnection.php(691): CodeIgniter\Database\MySQLi\Connection->execute('INSERT INTO `em...')
#2 C:\wamp64\www\matt\system\Database\BaseConnection.php(605): CodeIgniter\Database\BaseConnection->simpleQuery('INSERT INTO `em...')
#3 C:\wamp64\www\matt\system\Database\BaseBuilder.php(2295): CodeIgniter\Database\BaseConnection->query('INSERT INTO `em...', Array, false)
#4 C:\wamp64\www\matt\app\Controllers\Home.php(123): CodeIgniter\Database\BaseBuilder->insert(Array)
#5 C:\wamp64\www\matt\system\CodeIgniter.php(934): App\Controllers\Home->register_validate()
#6 C:\wamp64\www\matt\system\CodeIgniter.php(499): CodeIgniter\CodeIgniter->runController(Object(App\Controllers\Home))
#7 C:\wamp64\www\matt\system\CodeIgniter.php(368): CodeIgniter\CodeIgniter->handleRequest(NULL, Object(Config\Cache), false)
#8 C:\wamp64\www\matt\public\index.php(67): CodeIgniter\CodeIgniter->run()
#9 {main}
CRITICAL - 2023-02-12 08:36:09 --> You have an error in your SQL syntax; check the manual that corresponds to your MySQL server version for the right syntax to use near '0) VALUES (:0:)' at line 1
in SYSTEMPATH\Database\BaseConnection.php on line 645.
 1 SYSTEMPATH\Database\BaseBuilder.php(2295): CodeIgniter\Database\BaseConnection->query('INSERT INTO `employees` (0) VALUES (:0:)', [...], false)
 2 APPPATH\Controllers\Home.php(123): CodeIgniter\Database\BaseBuilder->insert([...])
 3 SYSTEMPATH\CodeIgniter.php(934): App\Controllers\Home->register_validate()
 4 SYSTEMPATH\CodeIgniter.php(499): CodeIgniter\CodeIgniter->runController(Object(App\Controllers\Home))
 5 SYSTEMPATH\CodeIgniter.php(368): CodeIgniter\CodeIgniter->handleRequest(null, Object(Config\Cache), false)
 6 FCPATH\index.php(67): CodeIgniter\CodeIgniter->run()
ERROR - 2023-02-12 08:37:13 --> mysqli_sql_exception: You have an error in your SQL syntax; check the manual that corresponds to your MySQL server version for the right syntax to use near '0) VALUES (:0:)' at line 1 in C:\wamp64\www\matt\system\Database\MySQLi\Connection.php:295
Stack trace:
#0 C:\wamp64\www\matt\system\Database\MySQLi\Connection.php(295): mysqli->query('INSERT INTO `em...', 0)
#1 C:\wamp64\www\matt\system\Database\BaseConnection.php(691): CodeIgniter\Database\MySQLi\Connection->execute('INSERT INTO `em...')
#2 C:\wamp64\www\matt\system\Database\BaseConnection.php(605): CodeIgniter\Database\BaseConnection->simpleQuery('INSERT INTO `em...')
#3 C:\wamp64\www\matt\system\Database\BaseBuilder.php(2295): CodeIgniter\Database\BaseConnection->query('INSERT INTO `em...', Array, false)
#4 C:\wamp64\www\matt\app\Controllers\Home.php(123): CodeIgniter\Database\BaseBuilder->insert(Array)
#5 C:\wamp64\www\matt\system\CodeIgniter.php(934): App\Controllers\Home->register_validate()
#6 C:\wamp64\www\matt\system\CodeIgniter.php(499): CodeIgniter\CodeIgniter->runController(Object(App\Controllers\Home))
#7 C:\wamp64\www\matt\system\CodeIgniter.php(368): CodeIgniter\CodeIgniter->handleRequest(NULL, Object(Config\Cache), false)
#8 C:\wamp64\www\matt\public\index.php(67): CodeIgniter\CodeIgniter->run()
#9 {main}
CRITICAL - 2023-02-12 08:37:13 --> You have an error in your SQL syntax; check the manual that corresponds to your MySQL server version for the right syntax to use near '0) VALUES (:0:)' at line 1
in SYSTEMPATH\Database\BaseConnection.php on line 645.
 1 SYSTEMPATH\Database\BaseBuilder.php(2295): CodeIgniter\Database\BaseConnection->query('INSERT INTO `employees` (0) VALUES (:0:)', [...], false)
 2 APPPATH\Controllers\Home.php(123): CodeIgniter\Database\BaseBuilder->insert([...])
 3 SYSTEMPATH\CodeIgniter.php(934): App\Controllers\Home->register_validate()
 4 SYSTEMPATH\CodeIgniter.php(499): CodeIgniter\CodeIgniter->runController(Object(App\Controllers\Home))
 5 SYSTEMPATH\CodeIgniter.php(368): CodeIgniter\CodeIgniter->handleRequest(null, Object(Config\Cache), false)
 6 FCPATH\index.php(67): CodeIgniter\CodeIgniter->run()
ERROR - 2023-02-12 08:38:33 --> mysqli_sql_exception: You have an error in your SQL syntax; check the manual that corresponds to your MySQL server version for the right syntax to use near '0) VALUES (:0:)' at line 1 in C:\wamp64\www\matt\system\Database\MySQLi\Connection.php:295
Stack trace:
#0 C:\wamp64\www\matt\system\Database\MySQLi\Connection.php(295): mysqli->query('INSERT INTO `em...', 0)
#1 C:\wamp64\www\matt\system\Database\BaseConnection.php(691): CodeIgniter\Database\MySQLi\Connection->execute('INSERT INTO `em...')
#2 C:\wamp64\www\matt\system\Database\BaseConnection.php(605): CodeIgniter\Database\BaseConnection->simpleQuery('INSERT INTO `em...')
#3 C:\wamp64\www\matt\system\Database\BaseBuilder.php(2295): CodeIgniter\Database\BaseConnection->query('INSERT INTO `em...', Array, false)
#4 C:\wamp64\www\matt\app\Controllers\Home.php(123): CodeIgniter\Database\BaseBuilder->insert(Array)
#5 C:\wamp64\www\matt\system\CodeIgniter.php(934): App\Controllers\Home->register_validate()
#6 C:\wamp64\www\matt\system\CodeIgniter.php(499): CodeIgniter\CodeIgniter->runController(Object(App\Controllers\Home))
#7 C:\wamp64\www\matt\system\CodeIgniter.php(368): CodeIgniter\CodeIgniter->handleRequest(NULL, Object(Config\Cache), false)
#8 C:\wamp64\www\matt\public\index.php(67): CodeIgniter\CodeIgniter->run()
#9 {main}
CRITICAL - 2023-02-12 08:38:33 --> You have an error in your SQL syntax; check the manual that corresponds to your MySQL server version for the right syntax to use near '0) VALUES (:0:)' at line 1
in SYSTEMPATH\Database\BaseConnection.php on line 645.
 1 SYSTEMPATH\Database\BaseBuilder.php(2295): CodeIgniter\Database\BaseConnection->query('INSERT INTO `employees` (0) VALUES (:0:)', [...], false)
 2 APPPATH\Controllers\Home.php(123): CodeIgniter\Database\BaseBuilder->insert([...])
 3 SYSTEMPATH\CodeIgniter.php(934): App\Controllers\Home->register_validate()
 4 SYSTEMPATH\CodeIgniter.php(499): CodeIgniter\CodeIgniter->runController(Object(App\Controllers\Home))
 5 SYSTEMPATH\CodeIgniter.php(368): CodeIgniter\CodeIgniter->handleRequest(null, Object(Config\Cache), false)
 6 FCPATH\index.php(67): CodeIgniter\CodeIgniter->run()
ERROR - 2023-02-12 08:40:46 --> mysqli_sql_exception: You have an error in your SQL syntax; check the manual that corresponds to your MySQL server version for the right syntax to use near '0) VALUES (:0:)' at line 1 in C:\wamp64\www\matt\system\Database\MySQLi\Connection.php:295
Stack trace:
#0 C:\wamp64\www\matt\system\Database\MySQLi\Connection.php(295): mysqli->query('INSERT INTO `em...', 0)
#1 C:\wamp64\www\matt\system\Database\BaseConnection.php(691): CodeIgniter\Database\MySQLi\Connection->execute('INSERT INTO `em...')
#2 C:\wamp64\www\matt\system\Database\BaseConnection.php(605): CodeIgniter\Database\BaseConnection->simpleQuery('INSERT INTO `em...')
#3 C:\wamp64\www\matt\system\Database\BaseBuilder.php(2295): CodeIgniter\Database\BaseConnection->query('INSERT INTO `em...', Array, false)
#4 C:\wamp64\www\matt\app\Controllers\Home.php(123): CodeIgniter\Database\BaseBuilder->insert(Array)
#5 C:\wamp64\www\matt\system\CodeIgniter.php(934): App\Controllers\Home->register_validate()
#6 C:\wamp64\www\matt\system\CodeIgniter.php(499): CodeIgniter\CodeIgniter->runController(Object(App\Controllers\Home))
#7 C:\wamp64\www\matt\system\CodeIgniter.php(368): CodeIgniter\CodeIgniter->handleRequest(NULL, Object(Config\Cache), false)
#8 C:\wamp64\www\matt\public\index.php(67): CodeIgniter\CodeIgniter->run()
#9 {main}
CRITICAL - 2023-02-12 08:40:46 --> You have an error in your SQL syntax; check the manual that corresponds to your MySQL server version for the right syntax to use near '0) VALUES (:0:)' at line 1
in SYSTEMPATH\Database\BaseConnection.php on line 645.
 1 SYSTEMPATH\Database\BaseBuilder.php(2295): CodeIgniter\Database\BaseConnection->query('INSERT INTO `employees` (0) VALUES (:0:)', [...], false)
 2 APPPATH\Controllers\Home.php(123): CodeIgniter\Database\BaseBuilder->insert([...])
 3 SYSTEMPATH\CodeIgniter.php(934): App\Controllers\Home->register_validate()
 4 SYSTEMPATH\CodeIgniter.php(499): CodeIgniter\CodeIgniter->runController(Object(App\Controllers\Home))
 5 SYSTEMPATH\CodeIgniter.php(368): CodeIgniter\CodeIgniter->handleRequest(null, Object(Config\Cache), false)
 6 FCPATH\index.php(67): CodeIgniter\CodeIgniter->run()
ERROR - 2023-02-12 08:41:38 --> mysqli_sql_exception: You have an error in your SQL syntax; check the manual that corresponds to your MySQL server version for the right syntax to use near '0) VALUES (:0:)' at line 1 in C:\wamp64\www\matt\system\Database\MySQLi\Connection.php:295
Stack trace:
#0 C:\wamp64\www\matt\system\Database\MySQLi\Connection.php(295): mysqli->query('INSERT INTO `em...', 0)
#1 C:\wamp64\www\matt\system\Database\BaseConnection.php(691): CodeIgniter\Database\MySQLi\Connection->execute('INSERT INTO `em...')
#2 C:\wamp64\www\matt\system\Database\BaseConnection.php(605): CodeIgniter\Database\BaseConnection->simpleQuery('INSERT INTO `em...')
#3 C:\wamp64\www\matt\system\Database\BaseBuilder.php(2295): CodeIgniter\Database\BaseConnection->query('INSERT INTO `em...', Array, false)
#4 C:\wamp64\www\matt\app\Controllers\Home.php(123): CodeIgniter\Database\BaseBuilder->insert(Array)
#5 C:\wamp64\www\matt\system\CodeIgniter.php(934): App\Controllers\Home->register_validate()
#6 C:\wamp64\www\matt\system\CodeIgniter.php(499): CodeIgniter\CodeIgniter->runController(Object(App\Controllers\Home))
#7 C:\wamp64\www\matt\system\CodeIgniter.php(368): CodeIgniter\CodeIgniter->handleRequest(NULL, Object(Config\Cache), false)
#8 C:\wamp64\www\matt\public\index.php(67): CodeIgniter\CodeIgniter->run()
#9 {main}
CRITICAL - 2023-02-12 08:41:38 --> You have an error in your SQL syntax; check the manual that corresponds to your MySQL server version for the right syntax to use near '0) VALUES (:0:)' at line 1
in SYSTEMPATH\Database\BaseConnection.php on line 645.
 1 SYSTEMPATH\Database\BaseBuilder.php(2295): CodeIgniter\Database\BaseConnection->query('INSERT INTO `employees` (0) VALUES (:0:)', [...], false)
 2 APPPATH\Controllers\Home.php(123): CodeIgniter\Database\BaseBuilder->insert([...])
 3 SYSTEMPATH\CodeIgniter.php(934): App\Controllers\Home->register_validate()
 4 SYSTEMPATH\CodeIgniter.php(499): CodeIgniter\CodeIgniter->runController(Object(App\Controllers\Home))
 5 SYSTEMPATH\CodeIgniter.php(368): CodeIgniter\CodeIgniter->handleRequest(null, Object(Config\Cache), false)
 6 FCPATH\index.php(67): CodeIgniter\CodeIgniter->run()
ERROR - 2023-02-12 08:42:01 --> mysqli_sql_exception: You have an error in your SQL syntax; check the manual that corresponds to your MySQL server version for the right syntax to use near '0) VALUES (:0:)' at line 1 in C:\wamp64\www\matt\system\Database\MySQLi\Connection.php:295
Stack trace:
#0 C:\wamp64\www\matt\system\Database\MySQLi\Connection.php(295): mysqli->query('INSERT INTO `em...', 0)
#1 C:\wamp64\www\matt\system\Database\BaseConnection.php(691): CodeIgniter\Database\MySQLi\Connection->execute('INSERT INTO `em...')
#2 C:\wamp64\www\matt\system\Database\BaseConnection.php(605): CodeIgniter\Database\BaseConnection->simpleQuery('INSERT INTO `em...')
#3 C:\wamp64\www\matt\system\Database\BaseBuilder.php(2295): CodeIgniter\Database\BaseConnection->query('INSERT INTO `em...', Array, false)
#4 C:\wamp64\www\matt\app\Controllers\Home.php(123): CodeIgniter\Database\BaseBuilder->insert(Array)
#5 C:\wamp64\www\matt\system\CodeIgniter.php(934): App\Controllers\Home->register_validate()
#6 C:\wamp64\www\matt\system\CodeIgniter.php(499): CodeIgniter\CodeIgniter->runController(Object(App\Controllers\Home))
#7 C:\wamp64\www\matt\system\CodeIgniter.php(368): CodeIgniter\CodeIgniter->handleRequest(NULL, Object(Config\Cache), false)
#8 C:\wamp64\www\matt\public\index.php(67): CodeIgniter\CodeIgniter->run()
#9 {main}
CRITICAL - 2023-02-12 08:42:01 --> You have an error in your SQL syntax; check the manual that corresponds to your MySQL server version for the right syntax to use near '0) VALUES (:0:)' at line 1
in SYSTEMPATH\Database\BaseConnection.php on line 645.
 1 SYSTEMPATH\Database\BaseBuilder.php(2295): CodeIgniter\Database\BaseConnection->query('INSERT INTO `employees` (0) VALUES (:0:)', [...], false)
 2 APPPATH\Controllers\Home.php(123): CodeIgniter\Database\BaseBuilder->insert([...])
 3 SYSTEMPATH\CodeIgniter.php(934): App\Controllers\Home->register_validate()
 4 SYSTEMPATH\CodeIgniter.php(499): CodeIgniter\CodeIgniter->runController(Object(App\Controllers\Home))
 5 SYSTEMPATH\CodeIgniter.php(368): CodeIgniter\CodeIgniter->handleRequest(null, Object(Config\Cache), false)
 6 FCPATH\index.php(67): CodeIgniter\CodeIgniter->run()
ERROR - 2023-02-12 08:43:09 --> mysqli_sql_exception: You have an error in your SQL syntax; check the manual that corresponds to your MySQL server version for the right syntax to use near '0) VALUES (:0:)' at line 1 in C:\wamp64\www\matt\system\Database\MySQLi\Connection.php:295
Stack trace:
#0 C:\wamp64\www\matt\system\Database\MySQLi\Connection.php(295): mysqli->query('INSERT INTO `em...', 0)
#1 C:\wamp64\www\matt\system\Database\BaseConnection.php(691): CodeIgniter\Database\MySQLi\Connection->execute('INSERT INTO `em...')
#2 C:\wamp64\www\matt\system\Database\BaseConnection.php(605): CodeIgniter\Database\BaseConnection->simpleQuery('INSERT INTO `em...')
#3 C:\wamp64\www\matt\system\Database\BaseBuilder.php(2295): CodeIgniter\Database\BaseConnection->query('INSERT INTO `em...', Array, false)
#4 C:\wamp64\www\matt\app\Controllers\Home.php(123): CodeIgniter\Database\BaseBuilder->insert(Array)
#5 C:\wamp64\www\matt\system\CodeIgniter.php(934): App\Controllers\Home->register_validate()
#6 C:\wamp64\www\matt\system\CodeIgniter.php(499): CodeIgniter\CodeIgniter->runController(Object(App\Controllers\Home))
#7 C:\wamp64\www\matt\system\CodeIgniter.php(368): CodeIgniter\CodeIgniter->handleRequest(NULL, Object(Config\Cache), false)
#8 C:\wamp64\www\matt\public\index.php(67): CodeIgniter\CodeIgniter->run()
#9 {main}
CRITICAL - 2023-02-12 08:43:09 --> You have an error in your SQL syntax; check the manual that corresponds to your MySQL server version for the right syntax to use near '0) VALUES (:0:)' at line 1
in SYSTEMPATH\Database\BaseConnection.php on line 645.
 1 SYSTEMPATH\Database\BaseBuilder.php(2295): CodeIgniter\Database\BaseConnection->query('INSERT INTO `employees` (0) VALUES (:0:)', [...], false)
 2 APPPATH\Controllers\Home.php(123): CodeIgniter\Database\BaseBuilder->insert([...])
 3 SYSTEMPATH\CodeIgniter.php(934): App\Controllers\Home->register_validate()
 4 SYSTEMPATH\CodeIgniter.php(499): CodeIgniter\CodeIgniter->runController(Object(App\Controllers\Home))
 5 SYSTEMPATH\CodeIgniter.php(368): CodeIgniter\CodeIgniter->handleRequest(null, Object(Config\Cache), false)
 6 FCPATH\index.php(67): CodeIgniter\CodeIgniter->run()
ERROR - 2023-02-12 08:43:56 --> mysqli_sql_exception: You have an error in your SQL syntax; check the manual that corresponds to your MySQL server version for the right syntax to use near '0) VALUES (:0:)' at line 1 in C:\wamp64\www\matt\system\Database\MySQLi\Connection.php:295
Stack trace:
#0 C:\wamp64\www\matt\system\Database\MySQLi\Connection.php(295): mysqli->query('INSERT INTO `em...', 0)
#1 C:\wamp64\www\matt\system\Database\BaseConnection.php(691): CodeIgniter\Database\MySQLi\Connection->execute('INSERT INTO `em...')
#2 C:\wamp64\www\matt\system\Database\BaseConnection.php(605): CodeIgniter\Database\BaseConnection->simpleQuery('INSERT INTO `em...')
#3 C:\wamp64\www\matt\system\Database\BaseBuilder.php(2295): CodeIgniter\Database\BaseConnection->query('INSERT INTO `em...', Array, false)
#4 C:\wamp64\www\matt\app\Controllers\Home.php(123): CodeIgniter\Database\BaseBuilder->insert(Array)
#5 C:\wamp64\www\matt\system\CodeIgniter.php(934): App\Controllers\Home->register_validate()
#6 C:\wamp64\www\matt\system\CodeIgniter.php(499): CodeIgniter\CodeIgniter->runController(Object(App\Controllers\Home))
#7 C:\wamp64\www\matt\system\CodeIgniter.php(368): CodeIgniter\CodeIgniter->handleRequest(NULL, Object(Config\Cache), false)
#8 C:\wamp64\www\matt\public\index.php(67): CodeIgniter\CodeIgniter->run()
#9 {main}
CRITICAL - 2023-02-12 08:43:56 --> You have an error in your SQL syntax; check the manual that corresponds to your MySQL server version for the right syntax to use near '0) VALUES (:0:)' at line 1
in SYSTEMPATH\Database\BaseConnection.php on line 645.
 1 SYSTEMPATH\Database\BaseBuilder.php(2295): CodeIgniter\Database\BaseConnection->query('INSERT INTO `employees` (0) VALUES (:0:)', [...], false)
 2 APPPATH\Controllers\Home.php(123): CodeIgniter\Database\BaseBuilder->insert([...])
 3 SYSTEMPATH\CodeIgniter.php(934): App\Controllers\Home->register_validate()
 4 SYSTEMPATH\CodeIgniter.php(499): CodeIgniter\CodeIgniter->runController(Object(App\Controllers\Home))
 5 SYSTEMPATH\CodeIgniter.php(368): CodeIgniter\CodeIgniter->handleRequest(null, Object(Config\Cache), false)
 6 FCPATH\index.php(67): CodeIgniter\CodeIgniter->run()
CRITICAL - 2023-02-12 08:59:19 --> Undefined variable $data
in APPPATH\Controllers\Home.php on line 236.
 1 APPPATH\Controllers\Home.php(236): CodeIgniter\Debug\Exceptions->errorHandler(2, 'Undefined variable $data', 'APPPATH\\Controllers\\Home.php', 236)
 2 SYSTEMPATH\CodeIgniter.php(934): App\Controllers\Home->group_add()
 3 SYSTEMPATH\CodeIgniter.php(499): CodeIgniter\CodeIgniter->runController(Object(App\Controllers\Home))
 4 SYSTEMPATH\CodeIgniter.php(368): CodeIgniter\CodeIgniter->handleRequest(null, Object(Config\Cache), false)
 5 FCPATH\index.php(67): CodeIgniter\CodeIgniter->run()
ERROR - 2023-02-12 09:13:27 --> mysqli_sql_exception: Column 'Name' cannot be null in C:\wamp64\www\matt\system\Database\MySQLi\Connection.php:295
Stack trace:
#0 C:\wamp64\www\matt\system\Database\MySQLi\Connection.php(295): mysqli->query('INSERT INTO `gr...', 0)
#1 C:\wamp64\www\matt\system\Database\BaseConnection.php(691): CodeIgniter\Database\MySQLi\Connection->execute('INSERT INTO `gr...')
#2 C:\wamp64\www\matt\system\Database\BaseConnection.php(605): CodeIgniter\Database\BaseConnection->simpleQuery('INSERT INTO `gr...')
#3 C:\wamp64\www\matt\system\Database\BaseBuilder.php(2295): CodeIgniter\Database\BaseConnection->query('INSERT INTO `gr...', Array, false)
#4 C:\wamp64\www\matt\app\Controllers\Home.php(245): CodeIgniter\Database\BaseBuilder->insert(Array)
#5 C:\wamp64\www\matt\system\CodeIgniter.php(934): App\Controllers\Home->groupvalidate()
#6 C:\wamp64\www\matt\system\CodeIgniter.php(499): CodeIgniter\CodeIgniter->runController(Object(App\Controllers\Home))
#7 C:\wamp64\www\matt\system\CodeIgniter.php(368): CodeIgniter\CodeIgniter->handleRequest(NULL, Object(Config\Cache), false)
#8 C:\wamp64\www\matt\public\index.php(67): CodeIgniter\CodeIgniter->run()
#9 {main}
CRITICAL - 2023-02-12 09:13:27 --> Column 'Name' cannot be null
in SYSTEMPATH\Database\BaseConnection.php on line 645.
 1 SYSTEMPATH\Database\BaseBuilder.php(2295): CodeIgniter\Database\BaseConnection->query('INSERT INTO `group_name` (`name`) VALUES (:name:)', [...], false)
 2 APPPATH\Controllers\Home.php(245): CodeIgniter\Database\BaseBuilder->insert([...])
 3 SYSTEMPATH\CodeIgniter.php(934): App\Controllers\Home->groupvalidate()
 4 SYSTEMPATH\CodeIgniter.php(499): CodeIgniter\CodeIgniter->runController(Object(App\Controllers\Home))
 5 SYSTEMPATH\CodeIgniter.php(368): CodeIgniter\CodeIgniter->handleRequest(null, Object(Config\Cache), false)
 6 FCPATH\index.php(67): CodeIgniter\CodeIgniter->run()
